Using pre-set license
Built from '2021.3/staging' branch; Version is '2021.3.11f1 (0a5ca18544bf) revision 679073'; Using compiler version '192829333'; Build Type 'Release'
OS: 'Windows 10  (10.0.19043) 64bit Professional' Language: 'ko' Physical Memory: 16332 MB
BatchMode: 1, IsHumanControllingUs: 0, StartBugReporterOnCrash: 0, Is64bit: 1, IsPro: 1

COMMAND LINE ARGUMENTS:
C:\Program Files\Unity\Hub\Editor\2021.3.11f1\Editor\Unity.exe
-adb2
-batchMode
-noUpm
-name
AssetImportWorker1
-projectPath
C:/Users/김주현/Desktop/GuildMaster/IAGMv10
-logFile
Logs/AssetImportWorker1.log
-srvPort
7722
Successfully changed project path to: C:/Users/김주현/Desktop/GuildMaster/IAGMv10
C:/Users/김주현/Desktop/GuildMaster/IAGMv10
[UnityMemory] Configuration Parameters - Can be set up in boot.config
    "memorysetup-bucket-allocator-granularity=16"
    "memorysetup-bucket-allocator-bucket-count=8"
    "memorysetup-bucket-allocator-block-size=33554432"
    "memorysetup-bucket-allocator-block-count=8"
    "memorysetup-main-allocator-block-size=16777216"
    "memorysetup-thread-allocator-block-size=16777216"
    "memorysetup-gfx-main-allocator-block-size=16777216"
    "memorysetup-gfx-thread-allocator-block-size=16777216"
    "memorysetup-cache-allocator-block-size=4194304"
    "memorysetup-typetree-allocator-block-size=2097152"
    "memorysetup-profiler-bucket-allocator-granularity=16"
    "memorysetup-profiler-bucket-allocator-bucket-count=8"
    "memorysetup-profiler-bucket-allocator-block-size=33554432"
    "memorysetup-profiler-bucket-allocator-block-count=8"
    "memorysetup-profiler-allocator-block-size=16777216"
    "memorysetup-profiler-editor-allocator-block-size=1048576"
    "memorysetup-temp-allocator-size-main=16777216"
    "memorysetup-job-temp-allocator-block-size=2097152"
    "memorysetup-job-temp-allocator-block-size-background=1048576"
    "memorysetup-job-temp-allocator-reduction-small-platforms=262144"
    "memorysetup-temp-allocator-size-background-worker=32768"
    "memorysetup-temp-allocator-size-job-worker=262144"
    "memorysetup-temp-allocator-size-preload-manager=33554432"
    "memorysetup-temp-allocator-size-nav-mesh-worker=65536"
    "memorysetup-temp-allocator-size-audio-worker=65536"
    "memorysetup-temp-allocator-size-cloud-worker=32768"
    "memorysetup-temp-allocator-size-gi-baking-worker=262144"
    "memorysetup-temp-allocator-size-gfx=262144"
Refreshing native plugins compatible for Editor in 125.43 ms, found 3 plugins.
Preloading 0 native plugins for Editor in 0.00 ms.
Initialize engine version: 2021.3.11f1 (0a5ca18544bf)
[Subsystems] Discovering subsystems at path C:/Program Files/Unity/Hub/Editor/2021.3.11f1/Editor/Data/Resources/UnitySubsystems
[Subsystems] Discovering subsystems at path C:/Users/김주현/Desktop/GuildMaster/IAGMv10/Assets
GfxDevice: creating device client; threaded=0; jobified=0
Direct3D:
    Version:  Direct3D 11.0 [level 11.1]
    Renderer: NVIDIA GeForce RTX 2060 SUPER (ID=0x1f06)
    Vendor:   NVIDIA
    VRAM:     8031 MB
    Driver:   30.0.15.1215
Initialize mono
Mono path[0] = 'C:/Program Files/Unity/Hub/Editor/2021.3.11f1/Editor/Data/Managed'
Mono path[1] = 'C:/Program Files/Unity/Hub/Editor/2021.3.11f1/Editor/Data/MonoBleedingEdge/lib/mono/unityjit-win32'
Mono config path = 'C:/Program Files/Unity/Hub/Editor/2021.3.11f1/Editor/Data/MonoBleedingEdge/etc'
Using monoOptions --debugger-agent=transport=dt_socket,embedding=1,server=y,suspend=n,address=127.0.0.1:56576
Begin MonoManager ReloadAssembly
Registering precompiled unity dll's ...
Register platform support module: C:/Program Files/Unity/Hub/Editor/2021.3.11f1/Editor/Data/PlaybackEngines/WindowsStandaloneSupport/UnityEditor.WindowsStandalone.Extensions.dll
Registered in 0.060104 seconds.
Native extension for WindowsStandalone target not found
Refreshing native plugins compatible for Editor in 96.60 ms, found 3 plugins.
Preloading 0 native plugins for Editor in 0.00 ms.
Mono: successfully reloaded assembly
- Completed reload, in  1.133 seconds
Domain Reload Profiling:
	ReloadAssembly (1134ms)
		BeginReloadAssembly (302ms)
			ExecutionOrderSort (0ms)
			DisableScriptedObjects (0ms)
			BackupInstance (0ms)
			ReleaseScriptingObjects (0ms)
			CreateAndSetChildDomain (1ms)
		EndReloadAssembly (545ms)
			LoadAssemblies (282ms)
			RebuildTransferFunctionScriptingTraits (0ms)
			SetupTypeCache (118ms)
			ReleaseScriptCaches (0ms)
			RebuildScriptCaches (31ms)
			SetupLoadedEditorAssemblies (290ms)
				LogAssemblyErrors (0ms)
				InitializePlatformSupportModulesInManaged (21ms)
				SetLoadedEditorAssemblies (0ms)
				RefreshPlugins (97ms)
				BeforeProcessingInitializeOnLoad (1ms)
				ProcessInitializeOnLoadAttributes (115ms)
				ProcessInitializeOnLoadMethodAttributes (56ms)
				AfterProcessingInitializeOnLoad (0ms)
				EditorAssembliesLoaded (0ms)
			ExecutionOrderSort2 (0ms)
			AwakeInstancesAfterBackupRestoration (0ms)
Platform modules already initialized, skipping
Registering precompiled user dll's ...
Registered in 0.050045 seconds.
Begin MonoManager ReloadAssembly
Symbol file LoadedFromMemory doesn't match image C:\Users\김주현\Desktop\GuildMaster\IAGMv10\Library\PackageCache\com.unity.visualscripting@1.7.8\Editor\VisualScripting.Core\Dependencies\YamlDotNet\Unity.VisualScripting.YamlDotNet.dll
Symbol file LoadedFromMemory doesn't match image C:\Users\김주현\Desktop\GuildMaster\IAGMv10\Library\PackageCache\com.unity.visualscripting@1.7.8\Editor\VisualScripting.Core\Dependencies\DotNetZip\Unity.VisualScripting.IonicZip.dll
Native extension for WindowsStandalone target not found
Refreshing native plugins compatible for Editor in 0.83 ms, found 3 plugins.
Preloading 0 native plugins for Editor in 0.00 ms.
Mono: successfully reloaded assembly
- Completed reload, in  1.774 seconds
Domain Reload Profiling:
	ReloadAssembly (1775ms)
		BeginReloadAssembly (314ms)
			ExecutionOrderSort (0ms)
			DisableScriptedObjects (5ms)
			BackupInstance (0ms)
			ReleaseScriptingObjects (0ms)
			CreateAndSetChildDomain (20ms)
		EndReloadAssembly (1213ms)
			LoadAssemblies (326ms)
			RebuildTransferFunctionScriptingTraits (0ms)
			SetupTypeCache (281ms)
			ReleaseScriptCaches (1ms)
			RebuildScriptCaches (52ms)
			SetupLoadedEditorAssemblies (586ms)
				LogAssemblyErrors (0ms)
				InitializePlatformSupportModulesInManaged (21ms)
				SetLoadedEditorAssemblies (0ms)
				RefreshPlugins (1ms)
				BeforeProcessingInitializeOnLoad (209ms)
				ProcessInitializeOnLoadAttributes (261ms)
				ProcessInitializeOnLoadMethodAttributes (28ms)
				AfterProcessingInitializeOnLoad (65ms)
				EditorAssembliesLoaded (0ms)
			ExecutionOrderSort2 (0ms)
			AwakeInstancesAfterBackupRestoration (21ms)
Platform modules already initialized, skipping
========================================================================
Worker process is ready to serve import requests
Launched and connected shader compiler UnityShaderCompiler.exe after 0.13 seconds
Refreshing native plugins compatible for Editor in 1.31 ms, found 3 plugins.
Preloading 0 native plugins for Editor in 0.00 ms.
Unloading 3476 Unused Serialized files (Serialized files now loaded: 0)
Unloading 27 unused Assets / (113.9 KB). Loaded Objects now: 3936.
Memory consumption went from 124.3 MB to 124.2 MB.
Total: 4.303400 ms (FindLiveObjects: 0.532100 ms CreateObjectMapping: 0.119500 ms MarkObjects: 3.484800 ms  DeleteObjects: 0.165200 ms)

AssetImportParameters requested are different than current active one (requested -> active):
  custom:video-decoder-ogg-theora: a1e56fd34408186e4bbccfd4996cb3dc -> 
  custom:container-muxer-webm: aa71ff27fc2769a1b78a27578f13a17b -> 
  custom:container-demuxer-webm: 4f35f7cbe854078d1ac9338744f61a02 -> 
  custom:video-encoder-webm-vp8: eb34c28f22e8b96e1ab97ce403110664 -> 
  custom:audio-encoder-webm-vorbis: bf7c407c2cedff20999df2af8eb42d56 -> 
  custom:framework-win-MediaFoundation: 216162199b28c13a410421893ffa2e32 -> 
  custom:container-demuxer-ogg: 62fdf1f143b41e24485cea50d1cbac27 -> 
  custom:video-decoder-webm-vp8: 9c59270c3fd7afecdb556c50c9e8de78 -> 
  custom:audio-decoder-ogg-vorbis: bf7c407c2cedff20999df2af8eb42d56 -> 
========================================================================
Received Import Request.
  Time since last request: 9256.793285 seconds.
  path: Assets/Map/Wall/Texture/AgedDarkWood_Albedo.png
  artifactKey: Guid(f8f5ee98e11cf154ab163b9405970fa8) Importer(815301076,1909f56bfc062723c751e8b465ee728b)
Start importing Assets/Map/Wall/Texture/AgedDarkWood_Albedo.png using Guid(f8f5ee98e11cf154ab163b9405970fa8) Importer(815301076,1909f56bfc062723c751e8b465ee728b)  -> (artifact id: 'a6e2ff102a28974ece912027fee772b4') in 0.238623 seconds 
========================================================================
Received Import Request.
  Time since last request: 0.000033 seconds.
  path: Assets/Map/Wall/Texture/AgedDarkWood_YFliped_Normal.png
  artifactKey: Guid(01c220273f5a12442913b4153078920d) Importer(815301076,1909f56bfc062723c751e8b465ee728b)
Start importing Assets/Map/Wall/Texture/AgedDarkWood_YFliped_Normal.png using Guid(01c220273f5a12442913b4153078920d) Importer(815301076,1909f56bfc062723c751e8b465ee728b)  -> (artifact id: '54ed4490b800e840967a17cfe975d804') in 0.063090 seconds 
========================================================================
Received Import Request.
  Time since last request: 0.000028 seconds.
  path: Assets/Map/Wall/Texture/AgedDarkWood_height.png
  artifactKey: Guid(1a557940be4f80d4da3c546a4a40d255) Importer(815301076,1909f56bfc062723c751e8b465ee728b)
Start importing Assets/Map/Wall/Texture/AgedDarkWood_height.png using Guid(1a557940be4f80d4da3c546a4a40d255) Importer(815301076,1909f56bfc062723c751e8b465ee728b)  -> (artifact id: '6521a2e75eb3a9daf54af0595660760a') in 0.020557 seconds 
========================================================================
Received Import Request.
  Time since last request: 0.000031 seconds.
  path: Assets/Resources/IconPrefabs/AngryIcon.prefab
  artifactKey: Guid(b612d17f3bf8bfb4986ab225e664baa9) Importer(815301076,1909f56bfc062723c751e8b465ee728b)
Start importing Assets/Resources/IconPrefabs/AngryIcon.prefab using Guid(b612d17f3bf8bfb4986ab225e664baa9) Importer(815301076,1909f56bfc062723c751e8b465ee728b)  -> (artifact id: '976c70eb7779fc3d2fec272fe8573f3b') in 0.038476 seconds 
========================================================================
Received Import Request.
  Time since last request: 0.000031 seconds.
  path: Assets/Map/Wall/Texture/AgedDarkWood_AO.png
  artifactKey: Guid(61f0b34962d2890458732949b202860c) Importer(815301076,1909f56bfc062723c751e8b465ee728b)
Start importing Assets/Map/Wall/Texture/AgedDarkWood_AO.png using Guid(61f0b34962d2890458732949b202860c) Importer(815301076,1909f56bfc062723c751e8b465ee728b)  -> (artifact id: 'aa976283d5e192dda67ef7101f27babc') in 0.035907 seconds 
========================================================================
Received Import Request.
  Time since last request: 0.000019 seconds.
  path: Assets/Map/Furniture/Desk/Texture/AgedDarkWood_AO.png
  artifactKey: Guid(bb26d14d611756c44bf054f728d5135e) Importer(815301076,1909f56bfc062723c751e8b465ee728b)
Start importing Assets/Map/Furniture/Desk/Texture/AgedDarkWood_AO.png using Guid(bb26d14d611756c44bf054f728d5135e) Importer(815301076,1909f56bfc062723c751e8b465ee728b)  -> (artifact id: 'a5931ffcd0b17ee9ebc8061e04499289') in 0.018139 seconds 
========================================================================
Received Import Request.
  Time since last request: 0.000042 seconds.
  path: Assets/Map/Furniture/Desk/Texture/AgedDarkWood_height.png
  artifactKey: Guid(44c2ef235a47516459f55d8a5f71e741) Importer(815301076,1909f56bfc062723c751e8b465ee728b)
Start importing Assets/Map/Furniture/Desk/Texture/AgedDarkWood_height.png using Guid(44c2ef235a47516459f55d8a5f71e741) Importer(815301076,1909f56bfc062723c751e8b465ee728b)  -> (artifact id: '5ddc7d1e60bfff458728050f614fb59f') in 0.030183 seconds 
========================================================================
Received Import Request.
  Time since last request: 0.847249 seconds.
  path: Assets/Ui/AssetStore/Freeui/ZOSMA/Stage/Gamebotton.png
  artifactKey: Guid(2d7261d597abf884dbb36f9e026d9dbf) Importer(815301076,1909f56bfc062723c751e8b465ee728b)
Start importing Assets/Ui/AssetStore/Freeui/ZOSMA/Stage/Gamebotton.png using Guid(2d7261d597abf884dbb36f9e026d9dbf) Importer(815301076,1909f56bfc062723c751e8b465ee728b)  -> (artifact id: 'ae0b9502912ff6d3fa759e62de66f155') in 0.080568 seconds 
========================================================================
Received Import Request.
  Time since last request: 0.000028 seconds.
  path: Assets/Ui/AssetStore/Freeui/ZOSMA/Main/Gamestart.png
  artifactKey: Guid(5e6d30e11573c22478e8ea437fb51e1a) Importer(815301076,1909f56bfc062723c751e8b465ee728b)
Start importing Assets/Ui/AssetStore/Freeui/ZOSMA/Main/Gamestart.png using Guid(5e6d30e11573c22478e8ea437fb51e1a) Importer(815301076,1909f56bfc062723c751e8b465ee728b)  -> (artifact id: 'c58cf6b49b41d55486053b12c24b7743') in 0.031763 seconds 
========================================================================
Received Prepare
Registering precompiled user dll's ...
Registered in 0.030312 seconds.
Begin MonoManager ReloadAssembly
Symbol file LoadedFromMemory doesn't match image C:\Users\김주현\Desktop\GuildMaster\IAGMv10\Library\PackageCache\com.unity.visualscripting@1.7.8\Editor\VisualScripting.Core\Dependencies\YamlDotNet\Unity.VisualScripting.YamlDotNet.dll
Symbol file LoadedFromMemory doesn't match image C:\Users\김주현\Desktop\GuildMaster\IAGMv10\Library\PackageCache\com.unity.visualscripting@1.7.8\Editor\VisualScripting.Core\Dependencies\DotNetZip\Unity.VisualScripting.IonicZip.dll
Native extension for WindowsStandalone target not found
Refreshing native plugins compatible for Editor in 0.84 ms, found 3 plugins.
Preloading 0 native plugins for Editor in 0.00 ms.
Mono: successfully reloaded assembly
- Completed reload, in  1.608 seconds
Domain Reload Profiling:
	ReloadAssembly (1609ms)
		BeginReloadAssembly (296ms)
			ExecutionOrderSort (0ms)
			DisableScriptedObjects (7ms)
			BackupInstance (0ms)
			ReleaseScriptingObjects (0ms)
			CreateAndSetChildDomain (39ms)
		EndReloadAssembly (1109ms)
			LoadAssemblies (269ms)
			RebuildTransferFunctionScriptingTraits (0ms)
			SetupTypeCache (296ms)
			ReleaseScriptCaches (2ms)
			RebuildScriptCaches (41ms)
			SetupLoadedEditorAssemblies (523ms)
				LogAssemblyErrors (0ms)
				InitializePlatformSupportModulesInManaged (27ms)
				SetLoadedEditorAssemblies (0ms)
				RefreshPlugins (1ms)
				BeforeProcessingInitializeOnLoad (179ms)
				ProcessInitializeOnLoadAttributes (222ms)
				ProcessInitializeOnLoadMethodAttributes (31ms)
				AfterProcessingInitializeOnLoad (62ms)
				EditorAssembliesLoaded (0ms)
			ExecutionOrderSort2 (0ms)
			AwakeInstancesAfterBackupRestoration (17ms)
Platform modules already initialized, skipping
Refreshing native plugins compatible for Editor in 7.98 ms, found 3 plugins.
Preloading 0 native plugins for Editor in 0.00 ms.
Unloading 3456 Unused Serialized files (Serialized files now loaded: 0)
Unloading 21 unused Assets / (80.8 KB). Loaded Objects now: 3951.
Memory consumption went from 127.4 MB to 127.3 MB.
Total: 3.886500 ms (FindLiveObjects: 0.503200 ms CreateObjectMapping: 0.108700 ms MarkObjects: 3.135400 ms  DeleteObjects: 0.137300 ms)

AssetImportParameters requested are different than current active one (requested -> active):
  custom:video-decoder-ogg-theora: a1e56fd34408186e4bbccfd4996cb3dc -> 
  custom:container-muxer-webm: aa71ff27fc2769a1b78a27578f13a17b -> 
  custom:container-demuxer-webm: 4f35f7cbe854078d1ac9338744f61a02 -> 
  custom:video-encoder-webm-vp8: eb34c28f22e8b96e1ab97ce403110664 -> 
  custom:audio-encoder-webm-vorbis: bf7c407c2cedff20999df2af8eb42d56 -> 
  custom:framework-win-MediaFoundation: 216162199b28c13a410421893ffa2e32 -> 
  custom:container-demuxer-ogg: 62fdf1f143b41e24485cea50d1cbac27 -> 
  custom:video-decoder-webm-vp8: 9c59270c3fd7afecdb556c50c9e8de78 -> 
  custom:audio-decoder-ogg-vorbis: bf7c407c2cedff20999df2af8eb42d56 -> 
========================================================================
Received Prepare
Registering precompiled user dll's ...
Registered in 0.026039 seconds.
Begin MonoManager ReloadAssembly
Symbol file LoadedFromMemory doesn't match image C:\Users\김주현\Desktop\GuildMaster\IAGMv10\Library\PackageCache\com.unity.visualscripting@1.7.8\Editor\VisualScripting.Core\Dependencies\YamlDotNet\Unity.VisualScripting.YamlDotNet.dll
Symbol file LoadedFromMemory doesn't match image C:\Users\김주현\Desktop\GuildMaster\IAGMv10\Library\PackageCache\com.unity.visualscripting@1.7.8\Editor\VisualScripting.Core\Dependencies\DotNetZip\Unity.VisualScripting.IonicZip.dll
Native extension for WindowsStandalone target not found
Refreshing native plugins compatible for Editor in 0.93 ms, found 3 plugins.
Preloading 0 native plugins for Editor in 0.00 ms.
Mono: successfully reloaded assembly
- Completed reload, in  1.934 seconds
Domain Reload Profiling:
	ReloadAssembly (1935ms)
		BeginReloadAssembly (309ms)
			ExecutionOrderSort (0ms)
			DisableScriptedObjects (6ms)
			BackupInstance (0ms)
			ReleaseScriptingObjects (0ms)
			CreateAndSetChildDomain (41ms)
		EndReloadAssembly (1378ms)
			LoadAssemblies (296ms)
			RebuildTransferFunctionScriptingTraits (0ms)
			SetupTypeCache (370ms)
			ReleaseScriptCaches (2ms)
			RebuildScriptCaches (55ms)
			SetupLoadedEditorAssemblies (639ms)
				LogAssemblyErrors (0ms)
				InitializePlatformSupportModulesInManaged (31ms)
				SetLoadedEditorAssemblies (1ms)
				RefreshPlugins (1ms)
				BeforeProcessingInitializeOnLoad (207ms)
				ProcessInitializeOnLoadAttributes (294ms)
				ProcessInitializeOnLoadMethodAttributes (45ms)
				AfterProcessingInitializeOnLoad (60ms)
				EditorAssembliesLoaded (0ms)
			ExecutionOrderSort2 (0ms)
			AwakeInstancesAfterBackupRestoration (23ms)
Platform modules already initialized, skipping
Refreshing native plugins compatible for Editor in 6.65 ms, found 3 plugins.
Preloading 0 native plugins for Editor in 0.00 ms.
Unloading 3456 Unused Serialized files (Serialized files now loaded: 0)
Unloading 20 unused Assets / (80.7 KB). Loaded Objects now: 3954.
Memory consumption went from 127.4 MB to 127.3 MB.
Total: 8.245600 ms (FindLiveObjects: 0.466700 ms CreateObjectMapping: 0.105700 ms MarkObjects: 7.517600 ms  DeleteObjects: 0.153900 ms)

AssetImportParameters requested are different than current active one (requested -> active):
  custom:video-decoder-ogg-theora: a1e56fd34408186e4bbccfd4996cb3dc -> 
  custom:container-muxer-webm: aa71ff27fc2769a1b78a27578f13a17b -> 
  custom:container-demuxer-webm: 4f35f7cbe854078d1ac9338744f61a02 -> 
  custom:video-encoder-webm-vp8: eb34c28f22e8b96e1ab97ce403110664 -> 
  custom:audio-encoder-webm-vorbis: bf7c407c2cedff20999df2af8eb42d56 -> 
  custom:framework-win-MediaFoundation: 216162199b28c13a410421893ffa2e32 -> 
  custom:container-demuxer-ogg: 62fdf1f143b41e24485cea50d1cbac27 -> 
  custom:video-decoder-webm-vp8: 9c59270c3fd7afecdb556c50c9e8de78 -> 
  custom:audio-decoder-ogg-vorbis: bf7c407c2cedff20999df2af8eb42d56 -> 
========================================================================
Received Import Request.
  Time since last request: 49.139282 seconds.
  path: Assets/Ui/AssetStore/Fantasy Wooden GUI  Free/normal_ui_set A/Close Button.png
  artifactKey: Guid(11277a3f23988ec47908362d708edaa8) Importer(815301076,1909f56bfc062723c751e8b465ee728b)
Start importing Assets/Ui/AssetStore/Fantasy Wooden GUI  Free/normal_ui_set A/Close Button.png using Guid(11277a3f23988ec47908362d708edaa8) Importer(815301076,1909f56bfc062723c751e8b465ee728b)  -> (artifact id: '2b49c95ad600932e4e5dcba32de71608') in 0.087225 seconds 
========================================================================
Received Import Request.
  Time since last request: 0.000023 seconds.
  path: Assets/Ui/AssetStore/craftpix-895410-free-jungle-cartoon-2d-game-ui/PNG/rating/close_2.png
  artifactKey: Guid(918604e47f4296b449ddfb3773dfc3c9) Importer(815301076,1909f56bfc062723c751e8b465ee728b)
Start importing Assets/Ui/AssetStore/craftpix-895410-free-jungle-cartoon-2d-game-ui/PNG/rating/close_2.png using Guid(918604e47f4296b449ddfb3773dfc3c9) Importer(815301076,1909f56bfc062723c751e8b465ee728b)  -> (artifact id: 'ee3e6e8922e17b4474956d96d8fc3c61') in 0.041333 seconds 
========================================================================
Received Import Request.
  Time since last request: 0.000035 seconds.
  path: Assets/Ui/AssetStore/craftpix-895410-free-jungle-cartoon-2d-game-ui/PNG/btn/close_2.png
  artifactKey: Guid(1c180797b9e642e4cb9f5c40e047d266) Importer(815301076,1909f56bfc062723c751e8b465ee728b)
Start importing Assets/Ui/AssetStore/craftpix-895410-free-jungle-cartoon-2d-game-ui/PNG/btn/close_2.png using Guid(1c180797b9e642e4cb9f5c40e047d266) Importer(815301076,1909f56bfc062723c751e8b465ee728b)  -> (artifact id: '53bf981b6bd526a2c7f6a769d24dab6c') in 0.017533 seconds 
========================================================================
Received Import Request.
  Time since last request: 0.000033 seconds.
  path: Assets/Ui/AssetStore/JungleGame/rating/close_2.png
  artifactKey: Guid(d87521c1b16b17d4a8424eb68e7b9481) Importer(815301076,1909f56bfc062723c751e8b465ee728b)
Start importing Assets/Ui/AssetStore/JungleGame/rating/close_2.png using Guid(d87521c1b16b17d4a8424eb68e7b9481) Importer(815301076,1909f56bfc062723c751e8b465ee728b)  -> (artifact id: '5271ed32a098e9942533cb11e2dbfd07') in 0.017687 seconds 
========================================================================
Received Import Request.
  Time since last request: 0.000034 seconds.
  path: Assets/Ui/AssetStore/Dark_Brown_GUI_kit/icon/simple/search.png
  artifactKey: Guid(3e3e665514228e34b8075f5649821a81) Importer(815301076,1909f56bfc062723c751e8b465ee728b)
Start importing Assets/Ui/AssetStore/Dark_Brown_GUI_kit/icon/simple/search.png using Guid(3e3e665514228e34b8075f5649821a81) Importer(815301076,1909f56bfc062723c751e8b465ee728b)  -> (artifact id: '2083af88ce90afeb087c43a05573b2ab') in 0.026799 seconds 
========================================================================
Received Import Request.
  Time since last request: 0.000026 seconds.
  path: Assets/Ui/AssetStore/JungleGame/settings/close_2.png
  artifactKey: Guid(6aba02271d69a5a48a3f583cb4a96633) Importer(815301076,1909f56bfc062723c751e8b465ee728b)
Start importing Assets/Ui/AssetStore/JungleGame/settings/close_2.png using Guid(6aba02271d69a5a48a3f583cb4a96633) Importer(815301076,1909f56bfc062723c751e8b465ee728b)  -> (artifact id: '99c3c10770670e7895f452ccdf3383e4') in 0.019144 seconds 
========================================================================
Received Import Request.
  Time since last request: 0.000030 seconds.
  path: Assets/Ui/AssetStore/craftpix-895410-free-jungle-cartoon-2d-game-ui/PNG/upgrade/close_2.png
  artifactKey: Guid(6390d364b4af83746b6319ee286860db) Importer(815301076,1909f56bfc062723c751e8b465ee728b)
Start importing Assets/Ui/AssetStore/craftpix-895410-free-jungle-cartoon-2d-game-ui/PNG/upgrade/close_2.png using Guid(6390d364b4af83746b6319ee286860db) Importer(815301076,1909f56bfc062723c751e8b465ee728b)  -> (artifact id: 'fb47d07ee1320700af02d19554812aae') in 0.018662 seconds 
========================================================================
Received Import Request.
  Time since last request: 0.000027 seconds.
  path: Assets/Ui/AssetStore/craftpix-895410-free-jungle-cartoon-2d-game-ui/PNG/match3/pause.png
  artifactKey: Guid(1e18a8f9ab90f35489f4c653fda17bba) Importer(815301076,1909f56bfc062723c751e8b465ee728b)
Start importing Assets/Ui/AssetStore/craftpix-895410-free-jungle-cartoon-2d-game-ui/PNG/match3/pause.png using Guid(1e18a8f9ab90f35489f4c653fda17bba) Importer(815301076,1909f56bfc062723c751e8b465ee728b)  -> (artifact id: '68dcb3e6be3aba1a01e729dd01313e21') in 0.020035 seconds 
========================================================================
Received Import Request.
  Time since last request: 0.000030 seconds.
  path: Assets/UI Toolkit/PanelSettings.asset
  artifactKey: Guid(fcd0a3090bfa27c4c990bd767daf1795) Importer(815301076,1909f56bfc062723c751e8b465ee728b)
Start importing Assets/UI Toolkit/PanelSettings.asset using Guid(fcd0a3090bfa27c4c990bd767daf1795) Importer(815301076,1909f56bfc062723c751e8b465ee728b)  -> (artifact id: 'e749a2476516634861d78a0fe34419ea') in 0.041374 seconds 
========================================================================
Received Import Request.
  Time since last request: 0.000026 seconds.
  path: Assets/Ui/AssetStore/Dark_Brown_GUI_kit/icon/full_simple/search-.png
  artifactKey: Guid(423f430e62097c140ae7fab0688d95fb) Importer(815301076,1909f56bfc062723c751e8b465ee728b)
Start importing Assets/Ui/AssetStore/Dark_Brown_GUI_kit/icon/full_simple/search-.png using Guid(423f430e62097c140ae7fab0688d95fb) Importer(815301076,1909f56bfc062723c751e8b465ee728b)  -> (artifact id: 'b7f69be36f11e26808c1de8e78685b57') in 0.027190 seconds 
========================================================================
Received Import Request.
  Time since last request: 0.000053 seconds.
  path: Assets/Ui/UiImage/IconImage/Setting.png
  artifactKey: Guid(21f9f67a025141e479edf01b552fdbc7) Importer(815301076,1909f56bfc062723c751e8b465ee728b)
Start importing Assets/Ui/UiImage/IconImage/Setting.png using Guid(21f9f67a025141e479edf01b552fdbc7) Importer(815301076,1909f56bfc062723c751e8b465ee728b)  -> (artifact id: '9014378c14837a41cdbf619ab5418963') in 0.043091 seconds 
========================================================================
Received Import Request.
  Time since last request: 0.437595 seconds.
  path: Assets/Ui/AssetStore/Dark_Brown_GUI_kit/icon/full_simple/settings_one-.png
  artifactKey: Guid(de8132666e21b9c4d89831a5d30b4550) Importer(815301076,1909f56bfc062723c751e8b465ee728b)
Start importing Assets/Ui/AssetStore/Dark_Brown_GUI_kit/icon/full_simple/settings_one-.png using Guid(de8132666e21b9c4d89831a5d30b4550) Importer(815301076,1909f56bfc062723c751e8b465ee728b)  -> (artifact id: '21b8bbe8acbb930cbc96e54db64d7526') in 0.025648 seconds 
========================================================================
Received Import Request.
  Time since last request: 0.000023 seconds.
  path: Assets/Ui/TextMesh Pro/Resources/TMP Settings.asset
  artifactKey: Guid(3f5b5dff67a942289a9defa416b206f3) Importer(815301076,1909f56bfc062723c751e8b465ee728b)
Start importing Assets/Ui/TextMesh Pro/Resources/TMP Settings.asset using Guid(3f5b5dff67a942289a9defa416b206f3) Importer(815301076,1909f56bfc062723c751e8b465ee728b)  -> (artifact id: 'eb7889927cba224a467da387389c2918') in 0.479183 seconds 
========================================================================
Received Prepare
Registering precompiled user dll's ...
Registered in 0.029444 seconds.
Begin MonoManager ReloadAssembly
Symbol file LoadedFromMemory doesn't match image C:\Users\김주현\Desktop\GuildMaster\IAGMv10\Library\PackageCache\com.unity.visualscripting@1.7.8\Editor\VisualScripting.Core\Dependencies\YamlDotNet\Unity.VisualScripting.YamlDotNet.dll
Symbol file LoadedFromMemory doesn't match image C:\Users\김주현\Desktop\GuildMaster\IAGMv10\Library\PackageCache\com.unity.visualscripting@1.7.8\Editor\VisualScripting.Core\Dependencies\DotNetZip\Unity.VisualScripting.IonicZip.dll
Native extension for WindowsStandalone target not found
Refreshing native plugins compatible for Editor in 0.91 ms, found 3 plugins.
Preloading 0 native plugins for Editor in 0.00 ms.
Mono: successfully reloaded assembly
- Completed reload, in  1.737 seconds
Domain Reload Profiling:
	ReloadAssembly (1738ms)
		BeginReloadAssembly (322ms)
			ExecutionOrderSort (0ms)
			DisableScriptedObjects (7ms)
			BackupInstance (0ms)
			ReleaseScriptingObjects (0ms)
			CreateAndSetChildDomain (42ms)
		EndReloadAssembly (1207ms)
			LoadAssemblies (294ms)
			RebuildTransferFunctionScriptingTraits (0ms)
			SetupTypeCache (298ms)
			ReleaseScriptCaches (2ms)
			RebuildScriptCaches (44ms)
			SetupLoadedEditorAssemblies (564ms)
				LogAssemblyErrors (0ms)
				InitializePlatformSupportModulesInManaged (35ms)
				SetLoadedEditorAssemblies (0ms)
				RefreshPlugins (1ms)
				BeforeProcessingInitializeOnLoad (220ms)
				ProcessInitializeOnLoadAttributes (217ms)
				ProcessInitializeOnLoadMethodAttributes (28ms)
				AfterProcessingInitializeOnLoad (62ms)
				EditorAssembliesLoaded (0ms)
			ExecutionOrderSort2 (0ms)
			AwakeInstancesAfterBackupRestoration (23ms)
Platform modules already initialized, skipping
Refreshing native plugins compatible for Editor in 7.39 ms, found 3 plugins.
Preloading 0 native plugins for Editor in 0.00 ms.
Unloading 3455 Unused Serialized files (Serialized files now loaded: 0)
Unloading 23 unused Assets / (163.5 KB). Loaded Objects now: 3962.
Memory consumption went from 127.6 MB to 127.4 MB.
Total: 6.301700 ms (FindLiveObjects: 0.435000 ms CreateObjectMapping: 0.098800 ms MarkObjects: 5.540000 ms  DeleteObjects: 0.226300 ms)

AssetImportParameters requested are different than current active one (requested -> active):
  custom:video-decoder-ogg-theora: a1e56fd34408186e4bbccfd4996cb3dc -> 
  custom:container-muxer-webm: aa71ff27fc2769a1b78a27578f13a17b -> 
  custom:container-demuxer-webm: 4f35f7cbe854078d1ac9338744f61a02 -> 
  custom:video-encoder-webm-vp8: eb34c28f22e8b96e1ab97ce403110664 -> 
  custom:audio-encoder-webm-vorbis: bf7c407c2cedff20999df2af8eb42d56 -> 
  custom:framework-win-MediaFoundation: 216162199b28c13a410421893ffa2e32 -> 
  custom:container-demuxer-ogg: 62fdf1f143b41e24485cea50d1cbac27 -> 
  custom:video-decoder-webm-vp8: 9c59270c3fd7afecdb556c50c9e8de78 -> 
  custom:audio-decoder-ogg-vorbis: bf7c407c2cedff20999df2af8eb42d56 -> 
========================================================================
Received Prepare
Registering precompiled user dll's ...
Registered in 0.030232 seconds.
Begin MonoManager ReloadAssembly
Symbol file LoadedFromMemory doesn't match image C:\Users\김주현\Desktop\GuildMaster\IAGMv10\Library\PackageCache\com.unity.visualscripting@1.7.8\Editor\VisualScripting.Core\Dependencies\YamlDotNet\Unity.VisualScripting.YamlDotNet.dll
Symbol file LoadedFromMemory doesn't match image C:\Users\김주현\Desktop\GuildMaster\IAGMv10\Library\PackageCache\com.unity.visualscripting@1.7.8\Editor\VisualScripting.Core\Dependencies\DotNetZip\Unity.VisualScripting.IonicZip.dll
Native extension for WindowsStandalone target not found
Refreshing native plugins compatible for Editor in 1.20 ms, found 3 plugins.
Preloading 0 native plugins for Editor in 0.00 ms.
Mono: successfully reloaded assembly
- Completed reload, in  1.817 seconds
Domain Reload Profiling:
	ReloadAssembly (1818ms)
		BeginReloadAssembly (340ms)
			ExecutionOrderSort (0ms)
			DisableScriptedObjects (7ms)
			BackupInstance (0ms)
			ReleaseScriptingObjects (0ms)
			CreateAndSetChildDomain (51ms)
		EndReloadAssembly (1250ms)
			LoadAssemblies (301ms)
			RebuildTransferFunctionScriptingTraits (0ms)
			SetupTypeCache (346ms)
			ReleaseScriptCaches (2ms)
			RebuildScriptCaches (52ms)
			SetupLoadedEditorAssemblies (570ms)
				LogAssemblyErrors (0ms)
				InitializePlatformSupportModulesInManaged (30ms)
				SetLoadedEditorAssemblies (1ms)
				RefreshPlugins (1ms)
				BeforeProcessingInitializeOnLoad (190ms)
				ProcessInitializeOnLoadAttributes (247ms)
				ProcessInitializeOnLoadMethodAttributes (36ms)
				AfterProcessingInitializeOnLoad (64ms)
				EditorAssembliesLoaded (0ms)
			ExecutionOrderSort2 (0ms)
			AwakeInstancesAfterBackupRestoration (20ms)
Platform modules already initialized, skipping
Refreshing native plugins compatible for Editor in 7.58 ms, found 3 plugins.
Preloading 0 native plugins for Editor in 0.00 ms.
Unloading 3455 Unused Serialized files (Serialized files now loaded: 0)
Unloading 20 unused Assets / (80.7 KB). Loaded Objects now: 3965.
Memory consumption went from 127.5 MB to 127.4 MB.
Total: 4.379900 ms (FindLiveObjects: 0.504600 ms CreateObjectMapping: 0.115500 ms MarkObjects: 3.595400 ms  DeleteObjects: 0.162800 ms)

AssetImportParameters requested are different than current active one (requested -> active):
  custom:video-decoder-ogg-theora: a1e56fd34408186e4bbccfd4996cb3dc -> 
  custom:container-muxer-webm: aa71ff27fc2769a1b78a27578f13a17b -> 
  custom:container-demuxer-webm: 4f35f7cbe854078d1ac9338744f61a02 -> 
  custom:video-encoder-webm-vp8: eb34c28f22e8b96e1ab97ce403110664 -> 
  custom:audio-encoder-webm-vorbis: bf7c407c2cedff20999df2af8eb42d56 -> 
  custom:framework-win-MediaFoundation: 216162199b28c13a410421893ffa2e32 -> 
  custom:container-demuxer-ogg: 62fdf1f143b41e24485cea50d1cbac27 -> 
  custom:video-decoder-webm-vp8: 9c59270c3fd7afecdb556c50c9e8de78 -> 
  custom:audio-decoder-ogg-vorbis: bf7c407c2cedff20999df2af8eb42d56 -> 
========================================================================
Received Prepare
Registering precompiled user dll's ...
Registered in 0.025424 seconds.
Begin MonoManager ReloadAssembly
Symbol file LoadedFromMemory doesn't match image C:\Users\김주현\Desktop\GuildMaster\IAGMv10\Library\PackageCache\com.unity.visualscripting@1.7.8\Editor\VisualScripting.Core\Dependencies\YamlDotNet\Unity.VisualScripting.YamlDotNet.dll
Symbol file LoadedFromMemory doesn't match image C:\Users\김주현\Desktop\GuildMaster\IAGMv10\Library\PackageCache\com.unity.visualscripting@1.7.8\Editor\VisualScripting.Core\Dependencies\DotNetZip\Unity.VisualScripting.IonicZip.dll
Native extension for WindowsStandalone target not found
Refreshing native plugins compatible for Editor in 1.33 ms, found 3 plugins.
Preloading 0 native plugins for Editor in 0.00 ms.
Mono: successfully reloaded assembly
- Completed reload, in  1.823 seconds
Domain Reload Profiling:
	ReloadAssembly (1824ms)
		BeginReloadAssembly (324ms)
			ExecutionOrderSort (0ms)
			DisableScriptedObjects (7ms)
			BackupInstance (0ms)
			ReleaseScriptingObjects (0ms)
			CreateAndSetChildDomain (42ms)
		EndReloadAssembly (1282ms)
			LoadAssemblies (307ms)
			RebuildTransferFunctionScriptingTraits (0ms)
			SetupTypeCache (348ms)
			ReleaseScriptCaches (2ms)
			RebuildScriptCaches (51ms)
			SetupLoadedEditorAssemblies (580ms)
				LogAssemblyErrors (0ms)
				InitializePlatformSupportModulesInManaged (31ms)
				SetLoadedEditorAssemblies (1ms)
				RefreshPlugins (1ms)
				BeforeProcessingInitializeOnLoad (208ms)
				ProcessInitializeOnLoadAttributes (240ms)
				ProcessInitializeOnLoadMethodAttributes (39ms)
				AfterProcessingInitializeOnLoad (59ms)
				EditorAssembliesLoaded (0ms)
			ExecutionOrderSort2 (0ms)
			AwakeInstancesAfterBackupRestoration (21ms)
Platform modules already initialized, skipping
Refreshing native plugins compatible for Editor in 7.48 ms, found 3 plugins.
Preloading 0 native plugins for Editor in 0.00 ms.
Unloading 3455 Unused Serialized files (Serialized files now loaded: 0)
Unloading 20 unused Assets / (80.8 KB). Loaded Objects now: 3968.
Memory consumption went from 127.5 MB to 127.4 MB.
Total: 4.733200 ms (FindLiveObjects: 0.548700 ms CreateObjectMapping: 0.115900 ms MarkObjects: 3.876500 ms  DeleteObjects: 0.190800 ms)

AssetImportParameters requested are different than current active one (requested -> active):
  custom:video-decoder-ogg-theora: a1e56fd34408186e4bbccfd4996cb3dc -> 
  custom:container-muxer-webm: aa71ff27fc2769a1b78a27578f13a17b -> 
  custom:container-demuxer-webm: 4f35f7cbe854078d1ac9338744f61a02 -> 
  custom:video-encoder-webm-vp8: eb34c28f22e8b96e1ab97ce403110664 -> 
  custom:audio-encoder-webm-vorbis: bf7c407c2cedff20999df2af8eb42d56 -> 
  custom:framework-win-MediaFoundation: 216162199b28c13a410421893ffa2e32 -> 
  custom:container-demuxer-ogg: 62fdf1f143b41e24485cea50d1cbac27 -> 
  custom:video-decoder-webm-vp8: 9c59270c3fd7afecdb556c50c9e8de78 -> 
  custom:audio-decoder-ogg-vorbis: bf7c407c2cedff20999df2af8eb42d56 -> 
