Using pre-set license
Built from '2021.3/staging' branch; Version is '2021.3.11f1 (0a5ca18544bf) revision 679073'; Using compiler version '192829333'; Build Type 'Release'
OS: 'Windows 10  (10.0.19043) 64bit Professional' Language: 'ko' Physical Memory: 16332 MB
BatchMode: 1, IsHumanControllingUs: 0, StartBugReporterOnCrash: 0, Is64bit: 1, IsPro: 1

COMMAND LINE ARGUMENTS:
C:\Program Files\Unity\Hub\Editor\2021.3.11f1\Editor\Unity.exe
-adb2
-batchMode
-noUpm
-name
AssetImportWorker2
-projectPath
C:/Users/김주현/Desktop/GuildMaster/IAGMv5
-logFile
Logs/AssetImportWorker2.log
-srvPort
2517
Successfully changed project path to: C:/Users/김주현/Desktop/GuildMaster/IAGMv5
C:/Users/김주현/Desktop/GuildMaster/IAGMv5
[UnityMemory] Configuration Parameters - Can be set up in boot.config
    "memorysetup-bucket-allocator-granularity=16"
    "memorysetup-bucket-allocator-bucket-count=8"
    "memorysetup-bucket-allocator-block-size=33554432"
    "memorysetup-bucket-allocator-block-count=8"
    "memorysetup-main-allocator-block-size=16777216"
    "memorysetup-thread-allocator-block-size=16777216"
    "memorysetup-gfx-main-allocator-block-size=16777216"
    "memorysetup-gfx-thread-allocator-block-size=16777216"
    "memorysetup-cache-allocator-block-size=4194304"
    "memorysetup-typetree-allocator-block-size=2097152"
    "memorysetup-profiler-bucket-allocator-granularity=16"
    "memorysetup-profiler-bucket-allocator-bucket-count=8"
    "memorysetup-profiler-bucket-allocator-block-size=33554432"
    "memorysetup-profiler-bucket-allocator-block-count=8"
    "memorysetup-profiler-allocator-block-size=16777216"
    "memorysetup-profiler-editor-allocator-block-size=1048576"
    "memorysetup-temp-allocator-size-main=16777216"
    "memorysetup-job-temp-allocator-block-size=2097152"
    "memorysetup-job-temp-allocator-block-size-background=1048576"
    "memorysetup-job-temp-allocator-reduction-small-platforms=262144"
    "memorysetup-temp-allocator-size-background-worker=32768"
    "memorysetup-temp-allocator-size-job-worker=262144"
    "memorysetup-temp-allocator-size-preload-manager=33554432"
    "memorysetup-temp-allocator-size-nav-mesh-worker=65536"
    "memorysetup-temp-allocator-size-audio-worker=65536"
    "memorysetup-temp-allocator-size-cloud-worker=32768"
    "memorysetup-temp-allocator-size-gi-baking-worker=262144"
    "memorysetup-temp-allocator-size-gfx=262144"
Refreshing native plugins compatible for Editor in 103.64 ms, found 3 plugins.
Preloading 0 native plugins for Editor in 0.00 ms.
Initialize engine version: 2021.3.11f1 (0a5ca18544bf)
[Subsystems] Discovering subsystems at path C:/Program Files/Unity/Hub/Editor/2021.3.11f1/Editor/Data/Resources/UnitySubsystems
[Subsystems] Discovering subsystems at path C:/Users/김주현/Desktop/GuildMaster/IAGMv5/Assets
GfxDevice: creating device client; threaded=0; jobified=0
Direct3D:
    Version:  Direct3D 11.0 [level 11.1]
    Renderer: NVIDIA GeForce RTX 2060 SUPER (ID=0x1f06)
    Vendor:   NVIDIA
    VRAM:     8031 MB
    Driver:   30.0.15.1215
Initialize mono
Mono path[0] = 'C:/Program Files/Unity/Hub/Editor/2021.3.11f1/Editor/Data/Managed'
Mono path[1] = 'C:/Program Files/Unity/Hub/Editor/2021.3.11f1/Editor/Data/MonoBleedingEdge/lib/mono/unityjit-win32'
Mono config path = 'C:/Program Files/Unity/Hub/Editor/2021.3.11f1/Editor/Data/MonoBleedingEdge/etc'
Using monoOptions --debugger-agent=transport=dt_socket,embedding=1,server=y,suspend=n,address=127.0.0.1:56816
Begin MonoManager ReloadAssembly
Registering precompiled unity dll's ...
Register platform support module: C:/Program Files/Unity/Hub/Editor/2021.3.11f1/Editor/Data/PlaybackEngines/WindowsStandaloneSupport/UnityEditor.WindowsStandalone.Extensions.dll
Registered in 0.046488 seconds.
Native extension for WindowsStandalone target not found
Refreshing native plugins compatible for Editor in 88.59 ms, found 3 plugins.
Preloading 0 native plugins for Editor in 0.00 ms.
Mono: successfully reloaded assembly
- Completed reload, in  1.052 seconds
Domain Reload Profiling:
	ReloadAssembly (1052ms)
		BeginReloadAssembly (304ms)
			ExecutionOrderSort (0ms)
			DisableScriptedObjects (0ms)
			BackupInstance (0ms)
			ReleaseScriptingObjects (0ms)
			CreateAndSetChildDomain (1ms)
		EndReloadAssembly (499ms)
			LoadAssemblies (282ms)
			RebuildTransferFunctionScriptingTraits (0ms)
			SetupTypeCache (110ms)
			ReleaseScriptCaches (0ms)
			RebuildScriptCaches (24ms)
			SetupLoadedEditorAssemblies (263ms)
				LogAssemblyErrors (0ms)
				InitializePlatformSupportModulesInManaged (16ms)
				SetLoadedEditorAssemblies (0ms)
				RefreshPlugins (89ms)
				BeforeProcessingInitializeOnLoad (1ms)
				ProcessInitializeOnLoadAttributes (107ms)
				ProcessInitializeOnLoadMethodAttributes (50ms)
				AfterProcessingInitializeOnLoad (0ms)
				EditorAssembliesLoaded (0ms)
			ExecutionOrderSort2 (0ms)
			AwakeInstancesAfterBackupRestoration (0ms)
Platform modules already initialized, skipping
Registering precompiled user dll's ...
Registered in 0.023613 seconds.
Begin MonoManager ReloadAssembly
Symbol file LoadedFromMemory doesn't match image C:\Users\김주현\Desktop\GuildMaster\IAGMv5\Library\PackageCache\com.unity.visualscripting@1.7.8\Editor\VisualScripting.Core\Dependencies\YamlDotNet\Unity.VisualScripting.YamlDotNet.dll
Symbol file LoadedFromMemory doesn't match image C:\Users\김주현\Desktop\GuildMaster\IAGMv5\Library\PackageCache\com.unity.visualscripting@1.7.8\Editor\VisualScripting.Core\Dependencies\DotNetZip\Unity.VisualScripting.IonicZip.dll
Native extension for WindowsStandalone target not found
Refreshing native plugins compatible for Editor in 0.97 ms, found 3 plugins.
Preloading 0 native plugins for Editor in 0.00 ms.
Mono: successfully reloaded assembly
- Completed reload, in  1.536 seconds
Domain Reload Profiling:
	ReloadAssembly (1536ms)
		BeginReloadAssembly (272ms)
			ExecutionOrderSort (0ms)
			DisableScriptedObjects (5ms)
			BackupInstance (0ms)
			ReleaseScriptingObjects (0ms)
			CreateAndSetChildDomain (18ms)
		EndReloadAssembly (1061ms)
			LoadAssemblies (277ms)
			RebuildTransferFunctionScriptingTraits (0ms)
			SetupTypeCache (276ms)
			ReleaseScriptCaches (1ms)
			RebuildScriptCaches (47ms)
			SetupLoadedEditorAssemblies (500ms)
				LogAssemblyErrors (0ms)
				InitializePlatformSupportModulesInManaged (15ms)
				SetLoadedEditorAssemblies (0ms)
				RefreshPlugins (1ms)
				BeforeProcessingInitializeOnLoad (163ms)
				ProcessInitializeOnLoadAttributes (237ms)
				ProcessInitializeOnLoadMethodAttributes (28ms)
				AfterProcessingInitializeOnLoad (56ms)
				EditorAssembliesLoaded (0ms)
			ExecutionOrderSort2 (0ms)
			AwakeInstancesAfterBackupRestoration (16ms)
Platform modules already initialized, skipping
========================================================================
Worker process is ready to serve import requests
Launched and connected shader compiler UnityShaderCompiler.exe after 0.07 seconds
Refreshing native plugins compatible for Editor in 1.19 ms, found 3 plugins.
Preloading 0 native plugins for Editor in 0.00 ms.
Unloading 3433 Unused Serialized files (Serialized files now loaded: 0)
Unloading 27 unused Assets / (113.6 KB). Loaded Objects now: 3893.
Memory consumption went from 122.8 MB to 122.6 MB.
Total: 3.651300 ms (FindLiveObjects: 0.384800 ms CreateObjectMapping: 0.115600 ms MarkObjects: 3.019900 ms  DeleteObjects: 0.129700 ms)

AssetImportParameters requested are different than current active one (requested -> active):
  custom:video-decoder-ogg-theora: a1e56fd34408186e4bbccfd4996cb3dc -> 
  custom:container-muxer-webm: aa71ff27fc2769a1b78a27578f13a17b -> 
  custom:container-demuxer-webm: 4f35f7cbe854078d1ac9338744f61a02 -> 
  custom:video-encoder-webm-vp8: eb34c28f22e8b96e1ab97ce403110664 -> 
  custom:audio-encoder-webm-vorbis: bf7c407c2cedff20999df2af8eb42d56 -> 
  custom:framework-win-MediaFoundation: 216162199b28c13a410421893ffa2e32 -> 
  custom:container-demuxer-ogg: 62fdf1f143b41e24485cea50d1cbac27 -> 
  custom:video-decoder-webm-vp8: 9c59270c3fd7afecdb556c50c9e8de78 -> 
  custom:audio-decoder-ogg-vorbis: bf7c407c2cedff20999df2af8eb42d56 -> 
========================================================================
Received Import Request.
  Time since last request: 36454.537423 seconds.
  path: Assets/Resources/VLPrefabs/Royalty1.prefab
  artifactKey: Guid(216544b90a4ed8b458b2ad41c49182c0) Importer(815301076,1909f56bfc062723c751e8b465ee728b)
Start importing Assets/Resources/VLPrefabs/Royalty1.prefab using Guid(216544b90a4ed8b458b2ad41c49182c0) Importer(815301076,1909f56bfc062723c751e8b465ee728b)  -> (artifact id: '36b0da34f0ef9fe61abcfe6cdb1610fa') in 0.286801 seconds 
========================================================================
Received Import Request.
  Time since last request: 0.000029 seconds.
  path: Assets/Resources/VLPrefabs/Commons2.prefab
  artifactKey: Guid(17b320ece4deed544a634230ee6ad52b) Importer(815301076,1909f56bfc062723c751e8b465ee728b)
Start importing Assets/Resources/VLPrefabs/Commons2.prefab using Guid(17b320ece4deed544a634230ee6ad52b) Importer(815301076,1909f56bfc062723c751e8b465ee728b)  -> (artifact id: '3760e33a7659ff74a70358486bab9aa4') in 0.126859 seconds 
========================================================================
Received Import Request.
  Time since last request: 0.000029 seconds.
  path: Assets/Resources/VLPrefabs/Nobility.prefab
  artifactKey: Guid(8f49d9416f2108d47a873e8f41a0665b) Importer(815301076,1909f56bfc062723c751e8b465ee728b)
Start importing Assets/Resources/VLPrefabs/Nobility.prefab using Guid(8f49d9416f2108d47a873e8f41a0665b) Importer(815301076,1909f56bfc062723c751e8b465ee728b)  -> (artifact id: '7beec259db22a119bd6b3104dabe37e8') in 0.097665 seconds 
========================================================================
Received Import Request.
  Time since last request: 7.412598 seconds.
  path: Assets/Resources/ADPrefabs/Female_Archer.prefab
  artifactKey: Guid(7cc0b9a334ed95944859e1fe508c7a6a) Importer(815301076,1909f56bfc062723c751e8b465ee728b)
Start importing Assets/Resources/ADPrefabs/Female_Archer.prefab using Guid(7cc0b9a334ed95944859e1fe508c7a6a) Importer(815301076,1909f56bfc062723c751e8b465ee728b)  -> (artifact id: '3b75700ad92061077cebc27bf46d1024') in 0.093798 seconds 
========================================================================
Received Import Request.
  Time since last request: 0.000030 seconds.
  path: Assets/Resources/ADPrefabs/Male_Archer.prefab
  artifactKey: Guid(41e2866a81726a64997f4c0a5526e348) Importer(815301076,1909f56bfc062723c751e8b465ee728b)
Start importing Assets/Resources/ADPrefabs/Male_Archer.prefab using Guid(41e2866a81726a64997f4c0a5526e348) Importer(815301076,1909f56bfc062723c751e8b465ee728b)  -> (artifact id: 'c5a8462ccbc842b5182159ec2201a32f') in 0.100925 seconds 
========================================================================
Received Import Request.
  Time since last request: 0.000024 seconds.
  path: Assets/Resources/ADPrefabs/Male_Warrior.prefab
  artifactKey: Guid(d6a4a405bda751848b1dadac9d021867) Importer(815301076,1909f56bfc062723c751e8b465ee728b)
Start importing Assets/Resources/ADPrefabs/Male_Warrior.prefab using Guid(d6a4a405bda751848b1dadac9d021867) Importer(815301076,1909f56bfc062723c751e8b465ee728b)  -> (artifact id: 'a5fb0e633e4cfa887e1df8115f6bc33e') in 0.086362 seconds 
========================================================================
Received Import Request.
  Time since last request: 2.648089 seconds.
  path: Assets/Font/Sam3KRFont SDF.asset
  artifactKey: Guid(976c1a03e7f4e4743a203d40f1bfa0e3) Importer(815301076,1909f56bfc062723c751e8b465ee728b)
Start importing Assets/Font/Sam3KRFont SDF.asset using Guid(976c1a03e7f4e4743a203d40f1bfa0e3) Importer(815301076,1909f56bfc062723c751e8b465ee728b)  -> (artifact id: 'dacf5aacfe558191de34d7858a52ce27') in 0.779019 seconds 
========================================================================
Received Import Request.
  Time since last request: 14.501777 seconds.
  path: Assets/Font
  artifactKey: Guid(bd6712fd6ba44ab4bb416280cf18ac76) Importer(815301076,1909f56bfc062723c751e8b465ee728b)
Start importing Assets/Font using Guid(bd6712fd6ba44ab4bb416280cf18ac76) Importer(815301076,1909f56bfc062723c751e8b465ee728b)  -> (artifact id: 'd22f1420dcb01d5697509dc94408af79') in 0.004946 seconds 
========================================================================
Received Import Request.
  Time since last request: 24.979026 seconds.
  path: Assets/Font/Sam3KRFont SDF.asset
  artifactKey: Guid(976c1a03e7f4e4743a203d40f1bfa0e3) Importer(815301076,1909f56bfc062723c751e8b465ee728b)
Start importing Assets/Font/Sam3KRFont SDF.asset using Guid(976c1a03e7f4e4743a203d40f1bfa0e3) Importer(815301076,1909f56bfc062723c751e8b465ee728b)  -> (artifact id: 'cc1114653e1ef734356a3aa849fd13a5') in 0.196106 seconds 
